2017-02-25 22:14:12 [main] INFO  org.mongodb.driver.cluster - Cluster created with settings {hosts=[localhost:27017], mode=SINGLE, requiredClusterType=UNKNOWN, serverSelectionTimeout='30000 ms', maxWaitQueueSize=500}
2017-02-25 22:14:13 [cluster-ClusterId{value='58b1d784d1d88004cc539980', description='null'}-localhost:27017] INFO  org.mongodb.driver.connection - Opened connection [connectionId{localValue:1, serverValue:319}] to localhost:27017
2017-02-25 22:14:13 [cluster-ClusterId{value='58b1d784d1d88004cc539980', description='null'}-localhost:27017] INFO  org.mongodb.driver.cluster - Monitor thread successfully connected to server with description ServerDescription{address=localhost:27017, type=STANDALONE, state=CONNECTED, ok=true, version=ServerVersion{versionList=[3, 2, 11]}, minWireVersion=0, maxWireVersion=4, maxDocumentSize=16777216, roundTripTimeNanos=657279}
2017-02-25 22:14:13 [Thread-4] INFO  org.mongodb.driver.connection - Opened connection [connectionId{localValue:2, serverValue:320}] to localhost:27017
2017-02-26 11:01:26 [main] INFO  org.mongodb.driver.cluster - Cluster created with settings {hosts=[localhost:27017], mode=SINGLE, requiredClusterType=UNKNOWN, serverSelectionTimeout='30000 ms', maxWaitQueueSize=500}
2017-02-26 11:01:27 [main] INFO  org.mongodb.driver.cluster - No server chosen by ReadPreferenceServerSelector{readPreference=primary} from cluster description ClusterDescription{type=UNKNOWN, connectionMode=SINGLE, serverDescriptions=[ServerDescription{address=localhost:27017, type=UNKNOWN, state=CONNECTING}]}. Waiting for 30000 ms before timing out
2017-02-26 11:01:28 [cluster-ClusterId{value='58b28b5633d5441c5880f19d', description='null'}-localhost:27017] INFO  org.mongodb.driver.cluster - Exception in monitor thread while connecting to server localhost:27017
com.mongodb.MongoException: java.io.IOException: Удаленный компьютер отклонил это сетевое подключение.

	at com.mongodb.connection.InternalStreamConnection.open(InternalStreamConnection.java:126) ~[mongodb-driver-core-3.4.1.jar:na]
	at com.mongodb.connection.DefaultServerMonitor$ServerMonitorRunnable.run(DefaultServerMonitor.java:113) ~[mongodb-driver-core-3.4.1.jar:na]
	at java.lang.Thread.run(Thread.java:745) [na:1.8.0_45]
Caused by: java.io.IOException: Удаленный компьютер отклонил это сетевое подключение.

	at sun.nio.ch.Iocp.translateErrorToIOException(Iocp.java:309) ~[na:1.8.0_45]
	at sun.nio.ch.Iocp.access$700(Iocp.java:46) ~[na:1.8.0_45]
	at sun.nio.ch.Iocp$EventHandlerTask.run(Iocp.java:399) ~[na:1.8.0_45]
	at sun.nio.ch.AsynchronousChannelGroupImpl$1.run(AsynchronousChannelGroupImpl.java:112) ~[na:1.8.0_45]
	at java.util.concurrent.ThreadPoolExecutor.runWorker(ThreadPoolExecutor.java:1142) ~[na:1.8.0_45]
	at java.util.concurrent.ThreadPoolExecutor$Worker.run(ThreadPoolExecutor.java:617) ~[na:1.8.0_45]
	... 1 common frames omitted
2017-02-26 11:01:29 [main] INFO  org.mongodb.driver.cluster - No server chosen by WritableServerSelector from cluster description ClusterDescription{type=UNKNOWN, connectionMode=SINGLE, serverDescriptions=[ServerDescription{address=localhost:27017, type=UNKNOWN, state=CONNECTING, exception={com.mongodb.MongoException: java.io.IOException: Удаленный компьютер отклонил это сетевое подключение.
}, caused by {java.io.IOException: Удаленный компьютер отклонил это сетевое подключение.
}}]}. Waiting for 30000 ms before timing out
2017-02-26 11:01:31 [main] INFO  org.mongodb.driver.cluster - No server chosen by WritableServerSelector from cluster description ClusterDescription{type=UNKNOWN, connectionMode=SINGLE, serverDescriptions=[ServerDescription{address=localhost:27017, type=UNKNOWN, state=CONNECTING, exception={com.mongodb.MongoException: java.io.IOException: Удаленный компьютер отклонил это сетевое подключение.
}, caused by {java.io.IOException: Удаленный компьютер отклонил это сетевое подключение.
}}]}. Waiting for 30000 ms before timing out
2017-02-26 11:01:33 [main] INFO  org.mongodb.driver.cluster - No server chosen by ReadPreferenceServerSelector{readPreference=primary} from cluster description ClusterDescription{type=UNKNOWN, connectionMode=SINGLE, serverDescriptions=[ServerDescription{address=localhost:27017, type=UNKNOWN, state=CONNECTING, exception={com.mongodb.MongoException: java.io.IOException: Удаленный компьютер отклонил это сетевое подключение.
}, caused by {java.io.IOException: Удаленный компьютер отклонил это сетевое подключение.
}}]}. Waiting for 30000 ms before timing out
